<?xml version="1.0" encoding="UTF-8"?>
<testsuite xmlns:xsi="http://www.w3.org/2001/XMLSchema-instance" xsi:noNamespaceSchemaLocation="https://maven.apache.org/surefire/maven-surefire-plugin/xsd/surefire-test-report-3.0.xsd" version="3.0" name="adt.heap.extended.FloorCeilTest" time="0.051" tests="4" errors="0" skipped="0" failures="0">
  <properties>
[...]
</properties>
  <testcase name="test01" classname="adt.heap.extended.FloorCeilTest" time="0.002"/>
  <testcase name="test02" classname="adt.heap.extended.FloorCeilTest" time="0.0"/>
  <testcase name="test03" classname="adt.heap.extended.FloorCeilTest" time="0.0"/>
  <testcase name="test04" classname="adt.heap.extended.FloorCeilTest" time="0.0"/>
</testsuite>